<?xml version="1.0" encoding="UTF-8"?>
<!-- Generated by org.testng.reporters.JUnitXMLReporter -->
<testsuite ignored="2" hostname="User-PC" failures="0" tests="2" name="car loan" time="0.012" errors="0" timestamp="2022-04-02T21:38:28 IST">
  <testcase classname="com.practice.Day3" name="apiLoginCarLoan" time="0.002"/>
  <testcase classname="com.practice.Day3" name="webLoginCarLoan" time="0.002"/>
  <testcase classname="com.practice.Day3" name="mobileLoginCarLoan" time="0.0">
    <ignored/>
  </testcase> <!-- mobileLoginCarLoan -->
  <testcase classname="com.practice.Day3" name="mobileLogoutCarLoan" time="0.0">
    <ignored/>
  </testcase> <!-- mobileLogoutCarLoan -->
</testsuite> <!-- car loan -->
