<?xml version="1.0" encoding="UTF-8"?>
<!-- Generated by org.testng.reporters.JUnitXMLReporter -->
<testsuite ignored="5" hostname="User-PC" failures="0" tests="4" name="Test" time="0.091" errors="0" timestamp="2022-04-03T12:50:12 IST">
  <testcase classname="com.practice.Day1" name="demo" time="0.011"/>
  <testcase classname="com.practice.Day2" name="byeDemo" time="0.001"/>
  <testcase classname="com.practice.Day4" name="webLoginHomeLoan" time="0.001"/>
  <testcase classname="com.practice.Day3" name="webLoginCarLoan" time="0.001"/>
  <testcase classname="com.practice.Day4" name="mobileLoginHomeLoan" time="0.0">
    <ignored/>
  </testcase> <!-- mobileLoginHomeLoan -->
  <testcase classname="com.practice.Day3" name="mobileLoginCarLoan" time="0.0">
    <ignored/>
  </testcase> <!-- mobileLoginCarLoan -->
  <testcase classname="com.practice.Day3" name="apiLoginCarLoan" time="0.0">
    <ignored/>
  </testcase> <!-- apiLoginCarLoan -->
  <testcase classname="com.practice.Day3" name="mobileLogoutCarLoan" time="0.0">
    <ignored/>
  </testcase> <!-- mobileLogoutCarLoan -->
  <testcase classname="com.practice.Day4" name="apiLoginHomeLoan" time="0.0">
    <ignored/>
  </testcase> <!-- apiLoginHomeLoan -->
</testsuite> <!-- Test -->
