<?xml version="1.0" encoding="UTF-8"?>
<testng-results ignored="0" total="3" passed="3" failed="0" skipped="0">
  <reporter-output>
  </reporter-output>
  <suite started-at="2022-04-03T13:29:44 IST" name="Default suite" finished-at="2022-04-03T13:29:44 IST" duration-ms="83">
    <groups>
    </groups>
    <test started-at="2022-04-03T13:29:44 IST" name="Default test" finished-at="2022-04-03T13:29:44 IST" duration-ms="83">
      <class name="com.practice.Day2">
        <test-method signature="byeDemo(java.lang.String,java.lang.String)[pri:0, instance:com.practice.Day2@12b0404f]" started-at="2022-04-03T13:29:44 IST" name="byeDemo" data-provider="providers" finished-at="2022-04-03T13:29:44 IST" duration-ms="9" status="PASS">
          <params>
            <param index="0">
              <value>
                <![CDATA[firstname]]>
              </value>
            </param>
            <param index="1">
              <value>
                <![CDATA[1Password]]>
              </value>
            </param>
          </params>
          <reporter-output>
          </reporter-output>
        </test-method> <!-- byeDemo -->
        <test-method signature="byeDemo(java.lang.String,java.lang.String)[pri:0, instance:com.practice.Day2@12b0404f]" started-at="2022-04-03T13:29:44 IST" name="byeDemo" data-provider="providers" finished-at="2022-04-03T13:29:44 IST" duration-ms="2" status="PASS">
          <params>
            <param index="0">
              <value>
                <![CDATA[firstname]]>
              </value>
            </param>
            <param index="1">
              <value>
                <![CDATA[1Password]]>
              </value>
            </param>
          </params>
          <reporter-output>
          </reporter-output>
        </test-method> <!-- byeDemo -->
        <test-method signature="byeDemo(java.lang.String,java.lang.String)[pri:0, instance:com.practice.Day2@12b0404f]" started-at="2022-04-03T13:29:44 IST" name="byeDemo" data-provider="providers" finished-at="2022-04-03T13:29:44 IST" duration-ms="2" status="PASS">
          <params>
            <param index="0">
              <value>
                <![CDATA[firstname]]>
              </value>
            </param>
            <param index="1">
              <value>
                <![CDATA[1Password]]>
              </value>
            </param>
          </params>
          <reporter-output>
          </reporter-output>
        </test-method> <!-- byeDemo -->
      </class> <!-- com.practice.Day2 -->
    </test> <!-- Default test -->
  </suite> <!-- Default suite -->
</testng-results>
